<?xml version="1.0" encoding="UTF-8"?>
<!-- Generated by org.testng.reporters.JUnitReportReporter -->
<testsuite hostname="DESKTOP-LQL6856" name="com.utility.cucumber.TestNGCukesRunner" tests="1" failures="0" timestamp="23 Dec 2018 00:18:32 GMT" time="22.807" errors="0">
  <testcase name="feature" time="22.807" classname="com.utility.cucumber.TestNGCukesRunner"/>
</testsuite> <!-- com.utility.cucumber.TestNGCukesRunner -->
