<?xml version="1.0" encoding="UTF-8"?>
<!-- Generated by org.testng.reporters.JUnitReportReporter -->
<testsuite hostname="DESKTOP-LQL6856" name="com.utility.cucumber.TestNGCukesRunner" tests="1" failures="0" timestamp="11 Apr 2019 19:36:38 GMT" time="16.592" errors="0">
  <testcase name="feature" time="16.592" classname="com.utility.cucumber.TestNGCukesRunner"/>
</testsuite> <!-- com.utility.cucumber.TestNGCukesRunner -->
